<?xml version="1.0" encoding="UTF-8"?>
<!-- Generated by org.testng.reporters.JUnitXMLReporter -->
<testsuite ignored="0" hostname="LAPTOP-PIV5FN12" failures="0" tests="3" name="Test For Browsers" time="0.057" errors="0" timestamp="2020-06-14T11:16:14 IST">
  <testcase classname="cts.automation.courseraWebAutomation.execute.TestCases" name="@BeforeClass beforeClass" time="-1.59211357458E9">
    <failure type="org.testng.TestNGException" message="
Can inject only one of &amp;lt;ITestContext, XmlTest&amp;gt; into a @BeforeClass annotated beforeClass.
For more information on native dependency injection please refer to http://testng.org/doc/documentation-main.html#native-dependency-injection">
      <![CDATA[org.testng.TestNGException: 
Can inject only one of <ITestContext, XmlTest> into a @BeforeClass annotated beforeClass.
For more information on native dependency injection please refer to http://testng.org/doc/documentation-main.html#native-dependency-injection
at java.base/java.util.ArrayList.forEach(ArrayList.java:1507)
... Removed 22 stack frames]]>
    </failure>
  </testcase> <!-- @BeforeClass beforeClass -->
  <testcase classname="cts.automation.courseraWebAutomation.execute.TestCases" name="@AfterClass afterClass" time="-1.592113574619E9">
    <skipped/>
  </testcase> <!-- @AfterClass afterClass -->
  <testcase classname="cts.automation.courseraWebAutomation.execute.TestCases" name="coursesSearched" time="0.0">
    <skipped/>
  </testcase> <!-- coursesSearched -->
  <testcase classname="cts.automation.courseraWebAutomation.execute.TestCases" name="totalCourses" time="0.0">
    <skipped/>
  </testcase> <!-- totalCourses -->
  <testcase classname="cts.automation.courseraWebAutomation.execute.TestCases" name="errorMessage" time="0.0">
    <skipped/>
  </testcase> <!-- errorMessage -->
</testsuite> <!-- Test For Browsers -->
